<?xml version="1.0" encoding="UTF-8"?>
<testng-results ignored="0" total="1" passed="1" failed="0" skipped="0">
  <reporter-output>
  </reporter-output>
  <suite started-at="2026-05-04T13:04:45 IST" name="Default suite" finished-at="2026-05-04T13:36:13 IST" duration-ms="1888630">
    <groups>
    </groups>
    <test started-at="2026-05-04T13:04:45 IST" name="Default test" finished-at="2026-05-04T13:36:13 IST" duration-ms="1888630">
      <class name="LIVE_ERP24K.RunTestCases">
        <test-method is-config="true" signature="beforeMethod()[pri:0, instance:LIVE_ERP24K.RunTestCases@557caf28]" started-at="2026-05-04T13:04:45 IST" name="beforeMethod" finished-at="2026-05-04T13:04:49 IST" duration-ms="4225" status="PASS">
          <reporter-output>
          </reporter-output>
        </test-method> <!-- beforeMethod -->
        <test-method signature="toRunTestCases()[pri:0, instance:LIVE_ERP24K.RunTestCases@557caf28]" started-at="2026-05-04T13:04:49 IST" name="toRunTestCases" finished-at="2026-05-04T13:36:13 IST" duration-ms="1884335" status="PASS">
          <reporter-output>
          </reporter-output>
        </test-method> <!-- toRunTestCases -->
        <test-method is-config="true" signature="afterClass()[pri:0, instance:LIVE_ERP24K.RunTestCases@557caf28]" started-at="2026-05-04T13:36:13 IST" name="afterClass" finished-at="2026-05-04T13:36:13 IST" duration-ms="2" status="PASS">
          <reporter-output>
          </reporter-output>
        </test-method> <!-- afterClass -->
      </class> <!-- LIVE_ERP24K.RunTestCases -->
    </test> <!-- Default test -->
  </suite> <!-- Default suite -->
</testng-results>
